<?xml version="1.0" encoding="utf-8"?>
<shfbBuild product="Sandcastle Help File Builder and Tools" version="2017.12.30.2" projectFile="C:\Users\Cristian\Dropbox\Ciclo\CS2\Proyecto Curro\Poker\Documentacion Servidor\Documentacion Servidor.shfbproj" started="19/04/2018 20:47:35">
<buildStep step="Initializing">
Finding tools...
The Sandcastle tools are located in &#39;C:\Program Files (x86)\EWSoftware\Sandcastle Help File Builder\&#39;
Searching for HTML Help 1 compiler...
Found HTML Help 1 compiler in &#39;C:\Program Files (x86)\HTML Help Workshop\&#39;
Locating components in the following folder(s):
    C:\Users\Cristian\Dropbox\Ciclo\CS2\Proyecto Curro\Poker\Documentacion Servidor
    C:\ProgramData\EWSoftware\Sandcastle Help File Builder\Components and Plug-Ins\
    C:\Program Files (x86)\EWSoftware\Sandcastle Help File Builder\
Using framework reflection data for &#39;.NET Framework 4.5&#39; located in &#39;C:\Program Files (x86)\EWSoftware\Sandcastle Help File Builder\Data\.NETFramework&#39;
Using presentation style &#39;VS2013&#39; located in &#39;C:\Program Files (x86)\EWSoftware\Sandcastle Help File Builder\PresentationStyles\VS2013&#39;
Loading and initializing plug-ins...
Lightweight Website Style Version 2017.12.30.2
Copyright &#169; 2006-2017, Eric Woodruff, All Rights Reserved
Portions Copyright &#169; 2014, Sam Harwell, All Rights Reserved
</buildStep>
<buildStep step="ValidatingDocumentationSources">
Validating and copying documentation source information
Source: C:\Users\Cristian\Dropbox\Ciclo\CS2\Proyecto Curro\Poker\Servidor Poker\Servidor Poker.csproj
    Found project &#39;C:\Users\Cristian\Dropbox\Ciclo\CS2\Proyecto Curro\Poker\Servidor Poker\Servidor Poker.csproj&#39;

Parsing project files
    Last step completed in 00:00:00,0090
</buildStep>
<buildStep step="Failed">

SHFB: Error BE0040: Project assembly does not exist: C:\Users\Cristian\Dropbox\Ciclo\CS2\Proyecto Curro\Poker\Servidor Poker\bin\Debug\Servidor Poker.exe
   en SandcastleBuilder.Utils.BuildEngine.BuildProcess.ValidateDocumentationSources()
   en SandcastleBuilder.Utils.BuildEngine.BuildProcess.Build()

</buildStep>
</shfbBuild>
